<?xml version="1.0" encoding="UTF-8"?>
<testng-results skipped="0" failed="1" total="4" passed="3">
  <reporter-output>
  </reporter-output>
  <suite name="Tests" duration-ms="53980" started-at="2015-07-15T20:35:04Z" finished-at="2015-07-15T20:35:58Z">
    <groups>
    </groups>
    <test name="Test1" duration-ms="53980" started-at="2015-07-15T20:35:04Z" finished-at="2015-07-15T20:35:58Z">
      <class name="selenium.tests.LoginTest">
        <test-method status="PASS" signature="init()[pri:0, instance:selenium.tests.LoginTest@29b99c]" name="init" is-config="true" duration-ms="11731" started-at="2015-07-15T23:35:04Z" finished-at="2015-07-15T23:35:15Z">
          <reporter-output>
          </reporter-output>
        </test-method> <!-- init -->
        <test-method status="PASS" signature="testLogin()[pri:0, instance:selenium.tests.LoginTest@29b99c]" name="testLogin" duration-ms="4573" started-at="2015-07-15T23:35:15Z" finished-at="2015-07-15T23:35:20Z">
          <reporter-output>
          </reporter-output>
        </test-method> <!-- testLogin -->
      </class> <!-- selenium.tests.LoginTest -->
      <class name="selenium.tests.Logout">
        <test-method status="PASS" signature="init()[pri:0, instance:selenium.tests.Logout@1654886]" name="init" is-config="true" duration-ms="41" started-at="2015-07-15T23:35:57Z" finished-at="2015-07-15T23:35:57Z">
          <reporter-output>
          </reporter-output>
        </test-method> <!-- init -->
        <test-method status="PASS" signature="testLogout()[pri:0, instance:selenium.tests.Logout@1654886]" name="testLogout" duration-ms="935" started-at="2015-07-15T23:35:57Z" finished-at="2015-07-15T23:35:58Z">
          <reporter-output>
          </reporter-output>
        </test-method> <!-- testLogout -->
        <test-method status="PASS" signature="tearDown()[pri:0, instance:selenium.tests.Logout@1654886]" name="tearDown" is-config="true" duration-ms="1821" started-at="2015-07-15T23:35:58Z" finished-at="2015-07-15T23:36:00Z">
          <reporter-output>
          </reporter-output>
        </test-method> <!-- tearDown -->
      </class> <!-- selenium.tests.Logout -->
      <class name="selenium.tests.AddFilmPositive">
        <test-method status="PASS" signature="init()[pri:0, instance:selenium.tests.AddFilmPositive@1563e06]" name="init" is-config="true" duration-ms="47" started-at="2015-07-15T23:35:20Z" finished-at="2015-07-15T23:35:20Z">
          <reporter-output>
          </reporter-output>
        </test-method> <!-- init -->
        <test-method status="PASS" signature="testAddFilm()[pri:0, instance:selenium.tests.AddFilmPositive@1563e06]" name="testAddFilm" duration-ms="4816" started-at="2015-07-15T23:35:20Z" finished-at="2015-07-15T23:35:25Z">
          <reporter-output>
          </reporter-output>
        </test-method> <!-- testAddFilm -->
      </class> <!-- selenium.tests.AddFilmPositive -->
      <class name="selenium.tests.DelFilm2">
        <test-method status="PASS" signature="init()[pri:0, instance:selenium.tests.DelFilm2@a76306]" name="init" is-config="true" duration-ms="46" started-at="2015-07-15T23:35:25Z" finished-at="2015-07-15T23:35:25Z">
          <reporter-output>
          </reporter-output>
        </test-method> <!-- init -->
        <test-method status="FAIL" signature="testDelFilm2()[pri:0, instance:selenium.tests.DelFilm2@a76306]" name="testDelFilm2" duration-ms="31721" started-at="2015-07-15T23:35:25Z" finished-at="2015-07-15T23:35:57Z">
          <exception class="org.openqa.selenium.NoSuchElementException">
            <message>
              <![CDATA[Unable to locate element: {"method":"xpath","selector":"div[@id = \"results\"]//div[@class=\"movie_box\"]"}
Command duration or timeout: 30.06 seconds
For documentation on this error, please visit: http://seleniumhq.org/exceptions/no_such_element.html
Build info: version: '2.46.0', revision: '61506a4624b13675f24581e453592342b7485d71', time: '2015-06-04 10:22:50'
System info: host: 'Oleg-Notebook', ip: '192.168.100.2', os.name: 'Windows 7', os.arch: 'x86', os.version: '6.1', java.version: '1.7.0_75'
*** Element info: {Using=xpath, value=div[@id = "results"]//div[@class="movie_box"]}
Session ID: c8151f0d-0b1c-4c18-81b8-6e70615874ce
Driver info: org.openqa.selenium.firefox.FirefoxDriver
Capabilities [{platform=WINDOWS, acceptSslCerts=true, javascriptEnabled=true, cssSelectorsEnabled=true, databaseEnabled=true, browserName=firefox, handlesAlerts=true, nativeEvents=false, webStorageEnabled=true, rotatable=false, locationContextEnabled=true, applicationCacheEnabled=true, takesScreenshot=true, version=39.0}]]]>
            </message>
            <full-stacktrace>
              <![CDATA[org.openqa.selenium.NoSuchElementException: Unable to locate element: {"method":"xpath","selector":"div[@id = \"results\"]//div[@class=\"movie_box\"]"}
Command duration or timeout: 30.06 seconds
For documentation on this error, please visit: http://seleniumhq.org/exceptions/no_such_element.html
Build info: version: '2.46.0', revision: '61506a4624b13675f24581e453592342b7485d71', time: '2015-06-04 10:22:50'
System info: host: 'Oleg-Notebook', ip: '192.168.100.2', os.name: 'Windows 7', os.arch: 'x86', os.version: '6.1', java.version: '1.7.0_75'
*** Element info: {Using=xpath, value=div[@id = "results"]//div[@class="movie_box"]}
Session ID: c8151f0d-0b1c-4c18-81b8-6e70615874ce
Driver info: org.openqa.selenium.firefox.FirefoxDriver
Capabilities [{platform=WINDOWS, acceptSslCerts=true, javascriptEnabled=true, cssSelectorsEnabled=true, databaseEnabled=true, browserName=firefox, handlesAlerts=true, nativeEvents=false, webStorageEnabled=true, rotatable=false, locationContextEnabled=true, applicationCacheEnabled=true, takesScreenshot=true, version=39.0}]
	at sun.reflect.NativeConstructorAccessorImpl.newInstance0(Native Method)
	at sun.reflect.NativeConstructorAccessorImpl.newInstance(NativeConstructorAccessorImpl.java:57)
	at sun.reflect.DelegatingConstructorAccessorImpl.newInstance(DelegatingConstructorAccessorImpl.java:45)
	at java.lang.reflect.Constructor.newInstance(Constructor.java:526)
	at org.openqa.selenium.remote.ErrorHandler.createThrowable(ErrorHandler.java:204)
	at org.openqa.selenium.remote.ErrorHandler.throwIfResponseFailed(ErrorHandler.java:156)
	at org.openqa.selenium.remote.RemoteWebDriver.execute(RemoteWebDriver.java:605)
	at org.openqa.selenium.remote.RemoteWebDriver.findElement(RemoteWebDriver.java:358)
	at org.openqa.selenium.remote.RemoteWebDriver.findElementByXPath(RemoteWebDriver.java:455)
	at org.openqa.selenium.By$ByXPath.findElement(By.java:358)
	at org.openqa.selenium.remote.RemoteWebDriver.findElement(RemoteWebDriver.java:350)
	at selenium.tests.DelFilm2.testDelFilm2(DelFilm2.java:23)
	at sun.reflect.NativeMethodAccessorImpl.invoke0(Native Method)
	at sun.reflect.NativeMethodAccessorImpl.invoke(NativeMethodAccessorImpl.java:57)
	at sun.reflect.DelegatingMethodAccessorImpl.invoke(DelegatingMethodAccessorImpl.java:43)
	at java.lang.reflect.Method.invoke(Method.java:606)
	at org.testng.internal.MethodInvocationHelper.invokeMethod(MethodInvocationHelper.java:84)
	at org.testng.internal.Invoker.invokeMethod(Invoker.java:714)
	at org.testng.internal.Invoker.invokeTestMethod(Invoker.java:901)
	at org.testng.internal.Invoker.invokeTestMethods(Invoker.java:1231)
	at org.testng.internal.TestMethodWorker.invokeTestMethods(TestMethodWorker.java:127)
	at org.testng.internal.TestMethodWorker.run(TestMethodWorker.java:111)
	at org.testng.TestRunner.privateRun(TestRunner.java:767)
	at org.testng.TestRunner.run(TestRunner.java:617)
	at org.testng.SuiteRunner.runTest(SuiteRunner.java:348)
	at org.testng.SuiteRunner.runSequentially(SuiteRunner.java:343)
	at org.testng.SuiteRunner.privateRun(SuiteRunner.java:305)
	at org.testng.SuiteRunner.run(SuiteRunner.java:254)
	at org.testng.SuiteRunnerWorker.runSuite(SuiteRunnerWorker.java:52)
	at org.testng.SuiteRunnerWorker.run(SuiteRunnerWorker.java:86)
	at org.testng.TestNG.runSuitesSequentially(TestNG.java:1224)
	at org.testng.TestNG.runSuitesLocally(TestNG.java:1149)
	at org.testng.TestNG.run(TestNG.java:1057)
	at org.testng.remote.RemoteTestNG.run(RemoteTestNG.java:111)
	at org.testng.remote.RemoteTestNG.initAndRun(RemoteTestNG.java:204)
	at org.testng.remote.RemoteTestNG.main(RemoteTestNG.java:175)
Caused by: org.openqa.selenium.NoSuchElementException: Unable to locate element: {"method":"xpath","selector":"div[@id = \"results\"]//div[@class=\"movie_box\"]"}
For documentation on this error, please visit: http://seleniumhq.org/exceptions/no_such_element.html
Build info: version: '2.46.0', revision: '61506a4624b13675f24581e453592342b7485d71', time: '2015-06-04 10:22:50'
System info: host: 'Oleg-Notebook', ip: '192.168.100.2', os.name: 'Windows 7', os.arch: 'x86', os.version: '6.1', java.version: '1.7.0_75'
Driver info: driver.version: unknown
	at <anonymous class>.FirefoxDriver.prototype.findElementInternal_(file:///C:/Users/Oleg/AppData/Local/Temp/anonymous1009016346052681120webdriver-profile/extensions/fxdriver@googlecode.com/components/driver-component.js:10299)
	at <anonymous class>.fxdriver.Timer.prototype.setTimeout/<.notify(file:///C:/Users/Oleg/AppData/Local/Temp/anonymous1009016346052681120webdriver-profile/extensions/fxdriver@googlecode.com/components/driver-component.js:603)
]]>
            </full-stacktrace>
          </exception> <!-- org.openqa.selenium.NoSuchElementException -->
          <reporter-output>
          </reporter-output>
        </test-method> <!-- testDelFilm2 -->
      </class> <!-- selenium.tests.DelFilm2 -->
    </test> <!-- Test1 -->
  </suite> <!-- Tests -->
</testng-results>
